[ 2016-12-23T09:34:45+08:00 ] 127.0.0.1 /
ERR: Access denied for user 'root'@'localhost' (using password: YES)

[ 2016-12-23T09:37:35+08:00 ] 127.0.0.1 /index.php?m=admin&c=index&a=index
INFO: [ app_begin ] --START--
INFO: Run Behavior\ReadHtmlCacheBehavior [ RunTime:0.000520s ]
SQL: SHOW COLUMNS FROM `app2_setting` [ RunTime:0.002826s ]
SQL: SELECT `key`,`value` FROM `app2_setting`  [ RunTime:0.000151s ]
NOTIC: [2] unlink(D:\linlizhu\web\Public\Runtime\Temp/71df8fced343b2a8ba67c00a47a67b50.php): No such file or directory D:\linlizhu\web\Libs\ThinkPHP\Library\Think\Cache\Driver\File.class.php 第 157 行.
INFO: Run \Common\Behavior\SettingBehavior [ RunTime:0.020054s ]
INFO: [ app_begin ] --END-- [ RunTime:0.021038s ]
INFO: [ view_parse ] --START--
INFO: [ template_filter ] --START--
INFO: Run Behavior\ContentReplaceBehavior [ RunTime:0.000040s ]
INFO: [ template_filter ] --END-- [ RunTime:0.000077s ]
INFO: Run Behavior\ParseTemplateBehavior [ RunTime:0.054828s ]
INFO: [ view_parse ] --END-- [ RunTime:0.054872s ]
INFO: [ view_filter ] --START--
INFO: Run Behavior\WriteHtmlCacheBehavior [ RunTime:0.014120s ]
INFO: [ view_filter ] --END-- [ RunTime:0.014155s ]

[ 2016-12-23T09:37:38+08:00 ] 127.0.0.1 /index.php?m=admin&c=index&a=login
INFO: [ app_begin ] --START--
INFO: Run Behavior\ReadHtmlCacheBehavior [ RunTime:0.000980s ]
SQL: SHOW COLUMNS FROM `app2_setting` [ RunTime:0.004424s ]
SQL: SELECT `key`,`value` FROM `app2_setting`  [ RunTime:0.000262s ]
NOTIC: [2] unlink(D:\linlizhu\web\Public\Runtime\Temp/71df8fced343b2a8ba67c00a47a67b50.php): No such file or directory D:\linlizhu\web\Libs\ThinkPHP\Library\Think\Cache\Driver\File.class.php 第 157 行.
INFO: Run \Common\Behavior\SettingBehavior [ RunTime:0.014808s ]
INFO: [ app_begin ] --END-- [ RunTime:0.016591s ]
INFO: [ view_parse ] --START--
INFO: [ template_filter ] --START--
INFO: Run Behavior\ContentReplaceBehavior [ RunTime:0.000060s ]
INFO: [ template_filter ] --END-- [ RunTime:0.000106s ]
INFO: Run Behavior\ParseTemplateBehavior [ RunTime:0.023743s ]
INFO: [ view_parse ] --END-- [ RunTime:0.023787s ]
INFO: [ view_filter ] --START--
INFO: Run Behavior\WriteHtmlCacheBehavior [ RunTime:0.000327s ]
INFO: [ view_filter ] --END-- [ RunTime:0.000362s ]
INFO: [ app_end ] --START--
INFO: Run Behavior\ShowPageTraceBehavior [ RunTime:0.011025s ]
INFO: [ app_end ] --END-- [ RunTime:0.011071s ]

[ 2016-12-23T09:37:38+08:00 ] 127.0.0.1 /index.php?m=admin&c=index&a=code&code_len=4&font_size=14&width=100&height=28&code=1482457058
INFO: [ app_begin ] --START--
INFO: Run Behavior\ReadHtmlCacheBehavior [ RunTime:0.000594s ]
SQL: SHOW COLUMNS FROM `app2_setting` [ RunTime:0.002462s ]
SQL: SELECT `key`,`value` FROM `app2_setting`  [ RunTime:0.000142s ]
NOTIC: [2] unlink(D:\linlizhu\web\Public\Runtime\Temp/71df8fced343b2a8ba67c00a47a67b50.php): No such file or directory D:\linlizhu\web\Libs\ThinkPHP\Library\Think\Cache\Driver\File.class.php 第 157 行.
INFO: Run \Common\Behavior\SettingBehavior [ RunTime:0.010978s ]
INFO: [ app_begin ] --END-- [ RunTime:0.012123s ]
INFO: [ app_end ] --START--
INFO: Run Behavior\ShowPageTraceBehavior [ RunTime:0.001094s ]
INFO: [ app_end ] --END-- [ RunTime:0.001172s ]

[ 2016-12-23T09:37:52+08:00 ] 127.0.0.1 /index.php?m=admin&c=index&a=code&code_len=4&font_size=14&width=100&height=28&code=1482457058&0.7908468782987912
INFO: [ app_begin ] --START--
INFO: Run Behavior\ReadHtmlCacheBehavior [ RunTime:0.000958s ]
SQL: SHOW COLUMNS FROM `app2_setting` [ RunTime:0.005300s ]
SQL: SELECT `key`,`value` FROM `app2_setting`  [ RunTime:0.000123s ]
NOTIC: [2] unlink(D:\linlizhu\web\Public\Runtime\Temp/71df8fced343b2a8ba67c00a47a67b50.php): No such file or directory D:\linlizhu\web\Libs\ThinkPHP\Library\Think\Cache\Driver\File.class.php 第 157 行.
INFO: Run \Common\Behavior\SettingBehavior [ RunTime:0.023331s ]
INFO: [ app_begin ] --END-- [ RunTime:0.024892s ]
INFO: [ app_end ] --START--
INFO: Run Behavior\ShowPageTraceBehavior [ RunTime:0.001089s ]
INFO: [ app_end ] --END-- [ RunTime:0.001154s ]

[ 2016-12-23T09:37:53+08:00 ] 127.0.0.1 /index.php?m=admin&c=index&a=code&code_len=4&font_size=14&width=100&height=28&code=1482457058&0.7908468782987912&0.47115277732607286
INFO: [ app_begin ] --START--
INFO: Run Behavior\ReadHtmlCacheBehavior [ RunTime:0.000454s ]
SQL: SHOW COLUMNS FROM `app2_setting` [ RunTime:0.003080s ]
SQL: SELECT `key`,`value` FROM `app2_setting`  [ RunTime:0.000227s ]
NOTIC: [2] unlink(D:\linlizhu\web\Public\Runtime\Temp/71df8fced343b2a8ba67c00a47a67b50.php): No such file or directory D:\linlizhu\web\Libs\ThinkPHP\Library\Think\Cache\Driver\File.class.php 第 157 行.
INFO: Run \Common\Behavior\SettingBehavior [ RunTime:0.020562s ]
INFO: [ app_begin ] --END-- [ RunTime:0.021382s ]
INFO: [ app_end ] --START--
INFO: Run Behavior\ShowPageTraceBehavior [ RunTime:0.000779s ]
INFO: [ app_end ] --END-- [ RunTime:0.000838s ]

[ 2016-12-23T09:38:00+08:00 ] 127.0.0.1 /index.php?m=admin&c=index&a=code&code_len=4&font_size=14&width=100&height=28&code=1482457058&0.7908468782987912&0.47115277732607286&0.012194908102398871
INFO: [ app_begin ] --START--
INFO: Run Behavior\ReadHtmlCacheBehavior [ RunTime:0.000477s ]
SQL: SHOW COLUMNS FROM `app2_setting` [ RunTime:0.003005s ]
SQL: SELECT `key`,`value` FROM `app2_setting`  [ RunTime:0.000181s ]
NOTIC: [2] unlink(D:\linlizhu\web\Public\Runtime\Temp/71df8fced343b2a8ba67c00a47a67b50.php): No such file or directory D:\linlizhu\web\Libs\ThinkPHP\Library\Think\Cache\Driver\File.class.php 第 157 行.
INFO: Run \Common\Behavior\SettingBehavior [ RunTime:0.020468s ]
INFO: [ app_begin ] --END-- [ RunTime:0.021298s ]
INFO: [ app_end ] --START--
INFO: Run Behavior\ShowPageTraceBehavior [ RunTime:0.000537s ]
INFO: [ app_end ] --END-- [ RunTime:0.000585s ]

[ 2016-12-23T09:38:07+08:00 ] 127.0.0.1 /index.php?m=admin&c=index&a=login&dosubmit=1
INFO: [ app_begin ] --START--
INFO: Run Behavior\ReadHtmlCacheBehavior [ RunTime:0.000551s ]
SQL: SHOW COLUMNS FROM `app2_setting` [ RunTime:0.004650s ]
SQL: SELECT `key`,`value` FROM `app2_setting`  [ RunTime:0.000246s ]
NOTIC: [2] unlink(D:\linlizhu\web\Public\Runtime\Temp/71df8fced343b2a8ba67c00a47a67b50.php): No such file or directory D:\linlizhu\web\Libs\ThinkPHP\Library\Think\Cache\Driver\File.class.php 第 157 行.
INFO: Run \Common\Behavior\SettingBehavior [ RunTime:0.023310s ]
INFO: [ app_begin ] --END-- [ RunTime:0.024310s ]
SQL: SHOW COLUMNS FROM `app2_admin` [ RunTime:0.058156s ]
SQL: SHOW COLUMNS FROM `app2_times` [ RunTime:0.022628s ]
SQL: SELECT * FROM `app2_admin` WHERE ( `username` = 'root' ) LIMIT 1   [ RunTime:0.000349s ]
SQL: SELECT * FROM `app2_times` WHERE ( `username` = 'root' ) AND ( `isadmin` = 1 ) LIMIT 1   [ RunTime:0.000272s ]
SQL: DELETE FROM `app2_times` WHERE ( `username` = 'root' ) [ RunTime:0.000328s ]
SQL: UPDATE `app2_admin` SET `lastloginip`='127.0.0.1',`lastlogintime`=1482457087 WHERE ( `userid` = 1 ) [ RunTime:0.001221s ]

[ 2016-12-23T09:38:07+08:00 ] 127.0.0.1 /index.php?m=admin&c=index&a=index
INFO: [ app_begin ] --START--
INFO: Run Behavior\ReadHtmlCacheBehavior [ RunTime:0.000538s ]
SQL: SHOW COLUMNS FROM `app2_setting` [ RunTime:0.003404s ]
SQL: SELECT `key`,`value` FROM `app2_setting`  [ RunTime:0.001415s ]
NOTIC: [2] unlink(D:\linlizhu\web\Public\Runtime\Temp/71df8fced343b2a8ba67c00a47a67b50.php): No such file or directory D:\linlizhu\web\Libs\ThinkPHP\Library\Think\Cache\Driver\File.class.php 第 157 行.
INFO: Run \Common\Behavior\SettingBehavior [ RunTime:0.024364s ]
INFO: [ app_begin ] --END-- [ RunTime:0.025436s ]
SQL: SHOW COLUMNS FROM `app2_admin` [ RunTime:0.003413s ]
SQL: SHOW COLUMNS FROM `app2_menu` [ RunTime:0.035337s ]
SQL: SHOW COLUMNS FROM `app2_admin_role` [ RunTime:0.015024s ]
SQL: SELECT `userid`,`username`,`roleid`,`encrypt`,`lastloginip`,`lastlogintime`,`email`,`realname` FROM `app2_admin` WHERE ( `userid` = 1 ) LIMIT 1   [ RunTime:0.000281s ]
SQL: SELECT `rolename` FROM `app2_admin_role` WHERE ( `roleid` = 1 ) LIMIT 1   [ RunTime:0.000295s ]
SQL: SELECT * FROM `app2_menu` WHERE ( `parentid` = 0 ) AND ( `display` = 1 ) ORDER BY listorder ASC LIMIT 1000   [ RunTime:0.007673s ]
INFO: [ view_parse ] --START--
INFO: [ template_filter ] --START--
INFO: Run Behavior\ContentReplaceBehavior [ RunTime:0.000057s ]
INFO: [ template_filter ] --END-- [ RunTime:0.000090s ]
INFO: Run Behavior\ParseTemplateBehavior [ RunTime:0.023746s ]
INFO: [ view_parse ] --END-- [ RunTime:0.023783s ]
INFO: [ view_filter ] --START--
INFO: Run Behavior\WriteHtmlCacheBehavior [ RunTime:0.000330s ]
INFO: [ view_filter ] --END-- [ RunTime:0.000357s ]
INFO: [ app_end ] --START--
INFO: Run Behavior\ShowPageTraceBehavior [ RunTime:0.000685s ]
INFO: [ app_end ] --END-- [ RunTime:0.000711s ]

[ 2016-12-23T09:38:08+08:00 ] 127.0.0.1 /index.php?m=admin&c=index&a=public_main&_=1482457088001
INFO: [ app_begin ] --START--
INFO: Run Behavior\ReadHtmlCacheBehavior [ RunTime:0.000599s ]
SQL: SHOW COLUMNS FROM `app2_setting` [ RunTime:0.003306s ]
SQL: SELECT `key`,`value` FROM `app2_setting`  [ RunTime:0.000434s ]
NOTIC: [2] unlink(D:\linlizhu\web\Public\Runtime\Temp/71df8fced343b2a8ba67c00a47a67b50.php): No such file or directory D:\linlizhu\web\Libs\ThinkPHP\Library\Think\Cache\Driver\File.class.php 第 157 行.
INFO: Run \Common\Behavior\SettingBehavior [ RunTime:0.023319s ]
INFO: [ app_begin ] --END-- [ RunTime:0.024488s ]
SQL: SHOW COLUMNS FROM `app2_admin` [ RunTime:0.004720s ]
SQL: SHOW COLUMNS FROM `app2_admin_role` [ RunTime:0.003185s ]
SQL: SELECT `userid`,`username`,`roleid`,`encrypt`,`lastloginip`,`lastlogintime`,`email`,`realname` FROM `app2_admin` WHERE ( `userid` = 1 ) LIMIT 1   [ RunTime:0.000271s ]
SQL: SELECT `rolename` FROM `app2_admin_role` WHERE ( `roleid` = 1 ) LIMIT 1   [ RunTime:0.000266s ]
NOTIC: [2048] Non-static method Admin\Common\Sysinfo::getinfo() should not be called statically, assuming $this from incompatible context D:\linlizhu\web\App\Admin\Controller\IndexController.class.php 第 111 行.
NOTIC: [2048] Non-static method Admin\Common\Sysinfo::sys_windows() should not be called statically, assuming $this from incompatible context D:\linlizhu\web\App\Admin\Common\Sysinfo.class.php 第 19 行.
NOTIC: [8] Undefined index: memUsed D:\linlizhu\web\App\Admin\Common\Sysinfo.class.php 第 25 行.
NOTIC: [8] Undefined index: memFree D:\linlizhu\web\App\Admin\Common\Sysinfo.class.php 第 25 行.
NOTIC: [8] Undefined index: memPercent D:\linlizhu\web\App\Admin\Common\Sysinfo.class.php 第 25 行.
NOTIC: [8] Undefined index: memCached D:\linlizhu\web\App\Admin\Common\Sysinfo.class.php 第 25 行.
NOTIC: [8] Undefined index: memRealPercent D:\linlizhu\web\App\Admin\Common\Sysinfo.class.php 第 25 行.
NOTIC: [8] Undefined index: memCachedPercent D:\linlizhu\web\App\Admin\Common\Sysinfo.class.php 第 25 行.
NOTIC: [8] Undefined index: swapTotal D:\linlizhu\web\App\Admin\Common\Sysinfo.class.php 第 25 行.
NOTIC: [8] Undefined index: swapUsed D:\linlizhu\web\App\Admin\Common\Sysinfo.class.php 第 25 行.
NOTIC: [8] Undefined index: swapFree D:\linlizhu\web\App\Admin\Common\Sysinfo.class.php 第 25 行.
NOTIC: [8] Undefined index: swapPercent D:\linlizhu\web\App\Admin\Common\Sysinfo.class.php 第 25 行.
NOTIC: [2] file(/proc/net/dev): failed to open stream: No such file or directory D:\linlizhu\web\App\Admin\Common\Sysinfo.class.php 第 33 行.
NOTIC: [8] Undefined index: memBuffers D:\linlizhu\web\App\Admin\Common\Sysinfo.class.php 第 53 行.
NOTIC: [8] Undefined index: memRealUsed D:\linlizhu\web\App\Admin\Common\Sysinfo.class.php 第 58 行.
NOTIC: [8] Undefined index: memRealFree D:\linlizhu\web\App\Admin\Common\Sysinfo.class.php 第 59 行.
NOTIC: [8] Undefined offset: 2 D:\linlizhu\web\App\Admin\Common\Sysinfo.class.php 第 82 行.
NOTIC: [8] Undefined offset: 3 D:\linlizhu\web\App\Admin\Common\Sysinfo.class.php 第 83 行.
NOTIC: [8] Undefined offset: 4 D:\linlizhu\web\App\Admin\Common\Sysinfo.class.php 第 84 行.
NOTIC: [8] Undefined offset: 5 D:\linlizhu\web\App\Admin\Common\Sysinfo.class.php 第 85 行.
NOTIC: [8] Undefined offset: 6 D:\linlizhu\web\App\Admin\Common\Sysinfo.class.php 第 86 行.
NOTIC: [8] Undefined offset: 7 D:\linlizhu\web\App\Admin\Common\Sysinfo.class.php 第 87 行.
NOTIC: [8] Undefined offset: 8 D:\linlizhu\web\App\Admin\Common\Sysinfo.class.php 第 88 行.
NOTIC: [8] Undefined offset: 9 D:\linlizhu\web\App\Admin\Common\Sysinfo.class.php 第 89 行.
NOTIC: [8] Undefined offset: 10 D:\linlizhu\web\App\Admin\Common\Sysinfo.class.php 第 90 行.
NOTIC: [8] Undefined variable: NetInput D:\linlizhu\web\App\Admin\Common\Sysinfo.class.php 第 91 行.
NOTIC: [8] Undefined variable: NetInput D:\linlizhu\web\App\Admin\Common\Sysinfo.class.php 第 92 行.
NOTIC: [8] Undefined variable: NetInput D:\linlizhu\web\App\Admin\Common\Sysinfo.class.php 第 93 行.
NOTIC: [8] Undefined variable: NetInput D:\linlizhu\web\App\Admin\Common\Sysinfo.class.php 第 94 行.
NOTIC: [8] Undefined variable: NetInput D:\linlizhu\web\App\Admin\Common\Sysinfo.class.php 第 95 行.
NOTIC: [8] Undefined variable: NetInput D:\linlizhu\web\App\Admin\Common\Sysinfo.class.php 第 96 行.
NOTIC: [8] Undefined variable: NetInput D:\linlizhu\web\App\Admin\Common\Sysinfo.class.php 第 97 行.
NOTIC: [8] Undefined variable: NetInput D:\linlizhu\web\App\Admin\Common\Sysinfo.class.php 第 98 行.
NOTIC: [8] Undefined variable: NetInput D:\linlizhu\web\App\Admin\Common\Sysinfo.class.php 第 99 行.
INFO: [ view_parse ] --START--
INFO: [ template_filter ] --START--
INFO: Run Behavior\ContentReplaceBehavior [ RunTime:0.000190s ]
INFO: [ template_filter ] --END-- [ RunTime:0.000396s ]
NOTIC: [8] Undefined index: win_n D:\linlizhu\web\Public\Runtime\Cache\Admin\6936bcd7866ad75d5903c2527016b879.php 第 49 行.
INFO: Run Behavior\ParseTemplateBehavior [ RunTime:0.015388s ]
INFO: [ view_parse ] --END-- [ RunTime:0.015424s ]
INFO: [ view_filter ] --START--
INFO: Run Behavior\WriteHtmlCacheBehavior [ RunTime:0.000539s ]
INFO: [ view_filter ] --END-- [ RunTime:0.000565s ]
INFO: [ app_end ] --START--
INFO: Run Behavior\ShowPageTraceBehavior [ RunTime:0.000569s ]
INFO: [ app_end ] --END-- [ RunTime:0.000595s ]

[ 2016-12-23T09:38:09+08:00 ] 127.0.0.1 /index.php?m=admin&c=index&a=public_menuleft
INFO: [ app_begin ] --START--
INFO: Run Behavior\ReadHtmlCacheBehavior [ RunTime:0.001063s ]
SQL: SHOW COLUMNS FROM `app2_setting` [ RunTime:0.002897s ]
SQL: SELECT `key`,`value` FROM `app2_setting`  [ RunTime:0.000217s ]
NOTIC: [2] unlink(D:\linlizhu\web\Public\Runtime\Temp/71df8fced343b2a8ba67c00a47a67b50.php): No such file or directory D:\linlizhu\web\Libs\ThinkPHP\Library\Think\Cache\Driver\File.class.php 第 157 行.
INFO: Run \Common\Behavior\SettingBehavior [ RunTime:0.026035s ]
INFO: [ app_begin ] --END-- [ RunTime:0.027862s ]
SQL: SHOW COLUMNS FROM `app2_menu` [ RunTime:0.003936s ]
SQL: SELECT * FROM `app2_menu` WHERE ( `parentid` = 1 ) AND ( `display` = 1 ) ORDER BY listorder ASC LIMIT 1000   [ RunTime:0.000328s ]
SQL: SELECT * FROM `app2_menu` WHERE ( `parentid` = 6 ) AND ( `display` = 1 ) ORDER BY listorder ASC LIMIT 1000   [ RunTime:0.000284s ]

