[ 2016-06-04T10:46:22+08:00 ] 127.0.0.1 /web/Public/static/Webwx/js/maps/swiper.min.js.map
INFO: [ app_init ] --START--
INFO: Run Behavior\BuildLiteBehavior [ RunTime:0.000000s ]
INFO: [ app_init ] --END-- [ RunTime:0.001000s ]
ERR: 无法加载模块:Public

[ 2016-06-04T10:46:24+08:00 ] 127.0.0.1 /web/Public/static/Webwx/js/maps/swiper.min.js.map
INFO: [ app_init ] --START--
INFO: Run Behavior\BuildLiteBehavior [ RunTime:0.000000s ]
INFO: [ app_init ] --END-- [ RunTime:0.000000s ]
ERR: 无法加载模块:Public

[ 2016-06-04T11:18:15+08:00 ] 127.0.0.1 /web/Public/upload/Home//20160504/thumb_5729c349b41a7.png
INFO: [ app_init ] --START--
INFO: Run Behavior\BuildLiteBehavior [ RunTime:0.000000s ]
INFO: [ app_init ] --END-- [ RunTime:0.001000s ]
ERR: 无法加载模块:Public

[ 2016-06-04T11:30:44+08:00 ] 127.0.0.1 /web/Public/upload/Home//20160420/thumb_5716e64085f34.png
INFO: [ app_init ] --START--
INFO: Run Behavior\BuildLiteBehavior [ RunTime:0.000000s ]
INFO: [ app_init ] --END-- [ RunTime:0.000000s ]
ERR: 无法加载模块:Public

[ 2016-06-04T11:30:45+08:00 ] 127.0.0.1 /web/Public/upload/Home//20160420/thumb_5716e650a617f.png
INFO: [ app_init ] --START--
INFO: Run Behavior\BuildLiteBehavior [ RunTime:0.000000s ]
INFO: [ app_init ] --END-- [ RunTime:0.000000s ]
ERR: 无法加载模块:Public

[ 2016-06-04T12:30:17+08:00 ] 127.0.0.1 /web/Public/upload/Home/user_pic.jpg
INFO: [ app_init ] --START--
INFO: Run Behavior\BuildLiteBehavior [ RunTime:0.000000s ]
INFO: [ app_init ] --END-- [ RunTime:0.001000s ]
ERR: 无法加载模块:Public

[ 2016-06-04T12:54:55+08:00 ] 127.0.0.1 /web/Public/upload/Home//20160420/thumb_5716e64085f34.png
INFO: [ app_init ] --START--
INFO: Run Behavior\BuildLiteBehavior [ RunTime:0.000000s ]
INFO: [ app_init ] --END-- [ RunTime:0.001000s ]
ERR: 无法加载模块:Public

[ 2016-06-04T12:54:55+08:00 ] 127.0.0.1 /web/Public/upload/Home//20160420/thumb_5716e650a617f.png
INFO: [ app_init ] --START--
INFO: Run Behavior\BuildLiteBehavior [ RunTime:0.000000s ]
INFO: [ app_init ] --END-- [ RunTime:0.000000s ]
ERR: 无法加载模块:Public

[ 2016-06-04T12:55:42+08:00 ] 127.0.0.1 /web/Public/upload/Home//20160420/thumb_5716e64085f34.png
INFO: [ app_init ] --START--
INFO: Run Behavior\BuildLiteBehavior [ RunTime:0.000000s ]
INFO: [ app_init ] --END-- [ RunTime:0.000000s ]
ERR: 无法加载模块:Public

[ 2016-06-04T12:55:43+08:00 ] 127.0.0.1 /web/Public/upload/Home//20160420/thumb_5716e650a617f.png
INFO: [ app_init ] --START--
INFO: Run Behavior\BuildLiteBehavior [ RunTime:0.000000s ]
INFO: [ app_init ] --END-- [ RunTime:0.000000s ]
ERR: 无法加载模块:Public

[ 2016-06-04T12:55:45+08:00 ] 127.0.0.1 /web/Public/upload/Home//20160420/thumb_5716e64085f34.png
INFO: [ app_init ] --START--
INFO: Run Behavior\BuildLiteBehavior [ RunTime:0.000000s ]
INFO: [ app_init ] --END-- [ RunTime:0.000000s ]
ERR: 无法加载模块:Public

[ 2016-06-04T12:55:46+08:00 ] 127.0.0.1 /web/Public/upload/Home//20160420/thumb_5716e650a617f.png
INFO: [ app_init ] --START--
INFO: Run Behavior\BuildLiteBehavior [ RunTime:0.000000s ]
INFO: [ app_init ] --END-- [ RunTime:0.001000s ]
ERR: 无法加载模块:Public

[ 2016-06-04T12:57:23+08:00 ] 127.0.0.1 /web/Public/upload/Home//20160420/thumb_5716e650a617f.png
INFO: [ app_init ] --START--
INFO: Run Behavior\BuildLiteBehavior [ RunTime:0.000000s ]
INFO: [ app_init ] --END-- [ RunTime:0.000000s ]
ERR: 无法加载模块:Public

[ 2016-06-04T12:57:24+08:00 ] 127.0.0.1 /web/Public/upload/Home//20160420/thumb_5716e64085f34.png
INFO: [ app_init ] --START--
INFO: Run Behavior\BuildLiteBehavior [ RunTime:0.000000s ]
INFO: [ app_init ] --END-- [ RunTime:0.000000s ]
ERR: 无法加载模块:Public

[ 2016-06-04T12:58:30+08:00 ] 127.0.0.1 /web/Public/upload/Home//20160420/thumb_5716e64085f34.png
INFO: [ app_init ] --START--
INFO: Run Behavior\BuildLiteBehavior [ RunTime:0.000000s ]
INFO: [ app_init ] --END-- [ RunTime:0.001000s ]
ERR: 无法加载模块:Public

[ 2016-06-04T12:58:31+08:00 ] 127.0.0.1 /web/Public/upload/Home//20160420/thumb_5716e650a617f.png
INFO: [ app_init ] --START--
INFO: Run Behavior\BuildLiteBehavior [ RunTime:0.000000s ]
INFO: [ app_init ] --END-- [ RunTime:0.001000s ]
ERR: 无法加载模块:Public

[ 2016-06-04T12:58:44+08:00 ] 127.0.0.1 /web/Public/upload/Home//20160420/thumb_5716e64085f34.png
INFO: [ app_init ] --START--
INFO: Run Behavior\BuildLiteBehavior [ RunTime:0.000000s ]
INFO: [ app_init ] --END-- [ RunTime:0.000000s ]
ERR: 无法加载模块:Public

[ 2016-06-04T12:58:45+08:00 ] 127.0.0.1 /web/Public/upload/Home//20160420/thumb_5716e650a617f.png
INFO: [ app_init ] --START--
INFO: Run Behavior\BuildLiteBehavior [ RunTime:0.000000s ]
INFO: [ app_init ] --END-- [ RunTime:0.001000s ]
ERR: 无法加载模块:Public

[ 2016-06-04T13:01:19+08:00 ] 127.0.0.1 /web/Public/upload/Home//20160420/thumb_5716e64085f34.png
INFO: [ app_init ] --START--
INFO: Run Behavior\BuildLiteBehavior [ RunTime:0.000000s ]
INFO: [ app_init ] --END-- [ RunTime:0.000000s ]
ERR: 无法加载模块:Public

[ 2016-06-04T13:01:20+08:00 ] 127.0.0.1 /web/Public/upload/Home//20160420/thumb_5716e650a617f.png
INFO: [ app_init ] --START--
INFO: Run Behavior\BuildLiteBehavior [ RunTime:0.000000s ]
INFO: [ app_init ] --END-- [ RunTime:0.001000s ]
ERR: 无法加载模块:Public

[ 2016-06-04T13:01:30+08:00 ] 127.0.0.1 /web/Public/upload/Home//20160420/thumb_5716e64085f34.png
INFO: [ app_init ] --START--
INFO: Run Behavior\BuildLiteBehavior [ RunTime:0.000000s ]
INFO: [ app_init ] --END-- [ RunTime:0.000000s ]
ERR: 无法加载模块:Public

[ 2016-06-04T13:01:30+08:00 ] 127.0.0.1 /web/Public/upload/Home//20160420/thumb_5716e64085f34.png
INFO: [ app_init ] --START--
INFO: Run Behavior\BuildLiteBehavior [ RunTime:0.000000s ]
INFO: [ app_init ] --END-- [ RunTime:0.000000s ]
ERR: 无法加载模块:Public

[ 2016-06-04T13:01:31+08:00 ] 127.0.0.1 /web/Public/upload/Home//20160420/thumb_5716e650a617f.png
INFO: [ app_init ] --START--
INFO: Run Behavior\BuildLiteBehavior [ RunTime:0.000000s ]
INFO: [ app_init ] --END-- [ RunTime:0.001000s ]
ERR: 无法加载模块:Public

[ 2016-06-04T13:01:48+08:00 ] 127.0.0.1 /web/Public/upload/Home//20160420/thumb_5716e650a617f.png
INFO: [ app_init ] --START--
INFO: Run Behavior\BuildLiteBehavior [ RunTime:0.000000s ]
INFO: [ app_init ] --END-- [ RunTime:0.000000s ]
ERR: 无法加载模块:Public

[ 2016-06-04T13:01:49+08:00 ] 127.0.0.1 /web/Public/upload/Home//20160420/thumb_5716e64085f34.png
INFO: [ app_init ] --START--
INFO: Run Behavior\BuildLiteBehavior [ RunTime:0.000000s ]
INFO: [ app_init ] --END-- [ RunTime:0.001000s ]
ERR: 无法加载模块:Public

[ 2016-06-04T13:02:16+08:00 ] 127.0.0.1 /web/Public/upload/Home//20160420/thumb_5716e64085f34.png
INFO: [ app_init ] --START--
INFO: Run Behavior\BuildLiteBehavior [ RunTime:0.000000s ]
INFO: [ app_init ] --END-- [ RunTime:0.000000s ]
ERR: 无法加载模块:Public

[ 2016-06-04T13:02:17+08:00 ] 127.0.0.1 /web/Public/upload/Home//20160420/thumb_5716e650a617f.png
INFO: [ app_init ] --START--
INFO: Run Behavior\BuildLiteBehavior [ RunTime:0.001000s ]
INFO: [ app_init ] --END-- [ RunTime:0.001000s ]
ERR: 无法加载模块:Public

[ 2016-06-04T13:02:19+08:00 ] 127.0.0.1 /web/Public/upload/Home//20160420/thumb_5716e64085f34.png
INFO: [ app_init ] --START--
INFO: Run Behavior\BuildLiteBehavior [ RunTime:0.000000s ]
INFO: [ app_init ] --END-- [ RunTime:0.000000s ]
ERR: 无法加载模块:Public

[ 2016-06-04T13:02:20+08:00 ] 127.0.0.1 /web/Public/upload/Home//20160420/thumb_5716e650a617f.png
INFO: [ app_init ] --START--
INFO: Run Behavior\BuildLiteBehavior [ RunTime:0.000000s ]
INFO: [ app_init ] --END-- [ RunTime:0.001000s ]
ERR: 无法加载模块:Public

[ 2016-06-04T13:02:28+08:00 ] 127.0.0.1 /web/Public/upload/Home//20160420/thumb_5716e64085f34.png
INFO: [ app_init ] --START--
INFO: Run Behavior\BuildLiteBehavior [ RunTime:0.000000s ]
INFO: [ app_init ] --END-- [ RunTime:0.000000s ]
ERR: 无法加载模块:Public

[ 2016-06-04T13:02:29+08:00 ] 127.0.0.1 /web/Public/upload/Home//20160420/thumb_5716e650a617f.png
INFO: [ app_init ] --START--
INFO: Run Behavior\BuildLiteBehavior [ RunTime:0.000000s ]
INFO: [ app_init ] --END-- [ RunTime:0.001000s ]
ERR: 无法加载模块:Public

[ 2016-06-04T13:02:46+08:00 ] 127.0.0.1 /web/Public/upload/Home//20160420/thumb_5716e64085f34.png
INFO: [ app_init ] --START--
INFO: Run Behavior\BuildLiteBehavior [ RunTime:0.000000s ]
INFO: [ app_init ] --END-- [ RunTime:0.000000s ]
ERR: 无法加载模块:Public

[ 2016-06-04T13:02:47+08:00 ] 127.0.0.1 /web/Public/upload/Home//20160420/thumb_5716e650a617f.png
INFO: [ app_init ] --START--
INFO: Run Behavior\BuildLiteBehavior [ RunTime:0.000000s ]
INFO: [ app_init ] --END-- [ RunTime:0.001001s ]
ERR: 无法加载模块:Public

[ 2016-06-04T13:02:54+08:00 ] 127.0.0.1 /web/Public/upload/Home//20160420/thumb_5716e650a617f.png
INFO: [ app_init ] --START--
INFO: Run Behavior\BuildLiteBehavior [ RunTime:0.000000s ]
INFO: [ app_init ] --END-- [ RunTime:0.001001s ]
ERR: 无法加载模块:Public

[ 2016-06-04T13:02:55+08:00 ] 127.0.0.1 /web/Public/upload/Home//20160420/thumb_5716e64085f34.png
INFO: [ app_init ] --START--
INFO: Run Behavior\BuildLiteBehavior [ RunTime:0.000000s ]
INFO: [ app_init ] --END-- [ RunTime:0.000000s ]
ERR: 无法加载模块:Public

[ 2016-06-04T13:03:36+08:00 ] 127.0.0.1 /web/Public/upload/Home//20160420/thumb_5716e64085f34.png
INFO: [ app_init ] --START--
INFO: Run Behavior\BuildLiteBehavior [ RunTime:0.000000s ]
INFO: [ app_init ] --END-- [ RunTime:0.000000s ]
ERR: 无法加载模块:Public

[ 2016-06-04T13:03:37+08:00 ] 127.0.0.1 /web/Public/upload/Home//20160420/thumb_5716e650a617f.png
INFO: [ app_init ] --START--
INFO: Run Behavior\BuildLiteBehavior [ RunTime:0.000000s ]
INFO: [ app_init ] --END-- [ RunTime:0.001000s ]
ERR: 无法加载模块:Public

[ 2016-06-04T13:03:55+08:00 ] 127.0.0.1 /web/Public/upload/Home//20160420/thumb_5716e650a617f.png
INFO: [ app_init ] --START--
INFO: Run Behavior\BuildLiteBehavior [ RunTime:0.000000s ]
INFO: [ app_init ] --END-- [ RunTime:0.000000s ]
ERR: 无法加载模块:Public

[ 2016-06-04T13:03:56+08:00 ] 127.0.0.1 /web/Public/upload/Home//20160420/thumb_5716e64085f34.png
INFO: [ app_init ] --START--
INFO: Run Behavior\BuildLiteBehavior [ RunTime:0.000000s ]
INFO: [ app_init ] --END-- [ RunTime:0.001000s ]
ERR: 无法加载模块:Public

[ 2016-06-04T13:03:58+08:00 ] 127.0.0.1 /web/Public/upload/Home//20160420/thumb_5716e64085f34.png
INFO: [ app_init ] --START--
INFO: Run Behavior\BuildLiteBehavior [ RunTime:0.000000s ]
INFO: [ app_init ] --END-- [ RunTime:0.001000s ]
ERR: 无法加载模块:Public

[ 2016-06-04T13:03:59+08:00 ] 127.0.0.1 /web/Public/upload/Home//20160420/thumb_5716e650a617f.png
INFO: [ app_init ] --START--
INFO: Run Behavior\BuildLiteBehavior [ RunTime:0.000000s ]
INFO: [ app_init ] --END-- [ RunTime:0.000000s ]
ERR: 无法加载模块:Public

[ 2016-06-04T13:46:52+08:00 ] 127.0.0.1 /web/Public/upload/Home//20160420/thumb_5716e64085f34.png
INFO: [ app_init ] --START--
INFO: Run Behavior\BuildLiteBehavior [ RunTime:0.000000s ]
INFO: [ app_init ] --END-- [ RunTime:0.000000s ]
ERR: 无法加载模块:Public

[ 2016-06-04T13:46:53+08:00 ] 127.0.0.1 /web/Public/upload/Home//20160420/thumb_5716e650a617f.png
INFO: [ app_init ] --START--
INFO: Run Behavior\BuildLiteBehavior [ RunTime:0.001000s ]
INFO: [ app_init ] --END-- [ RunTime:0.001000s ]
ERR: 无法加载模块:Public

[ 2016-06-04T15:03:47+08:00 ] 127.0.0.1 /web/Public/static/Home3/img/article/xiaoheiyuan.png
INFO: [ app_init ] --START--
INFO: Run Behavior\BuildLiteBehavior [ RunTime:0.000000s ]
INFO: [ app_init ] --END-- [ RunTime:0.000000s ]
ERR: 无法加载模块:Public

[ 2016-06-04T15:03:47+08:00 ] 127.0.0.1 /web/Public/static/Home3/img/article/honglaji.png
INFO: [ app_init ] --START--
INFO: Run Behavior\BuildLiteBehavior [ RunTime:0.000000s ]
INFO: [ app_init ] --END-- [ RunTime:0.001000s ]
ERR: 无法加载模块:Public

[ 2016-06-04T15:03:48+08:00 ] 127.0.0.1 /web/Public/static/Home3/img/article/xiaolvyuan.png
INFO: [ app_init ] --START--
INFO: Run Behavior\BuildLiteBehavior [ RunTime:0.000000s ]
INFO: [ app_init ] --END-- [ RunTime:0.001000s ]
ERR: 无法加载模块:Public

[ 2016-06-04T15:03:48+08:00 ] 127.0.0.1 /web/Public/static/Home3/img/article/bianji.png
INFO: [ app_init ] --START--
INFO: Run Behavior\BuildLiteBehavior [ RunTime:0.000000s ]
INFO: [ app_init ] --END-- [ RunTime:0.001000s ]
ERR: 无法加载模块:Public

[ 2016-06-04T15:05:15+08:00 ] 127.0.0.1 /web/Public/static/Home3/img/article/xiaoheiyuan.png
INFO: [ app_init ] --START--
INFO: Run Behavior\BuildLiteBehavior [ RunTime:0.000000s ]
INFO: [ app_init ] --END-- [ RunTime:0.001000s ]
ERR: 无法加载模块:Public

[ 2016-06-04T15:05:15+08:00 ] 127.0.0.1 /web/Public/static/Home3/img/article/honglaji.png
INFO: [ app_init ] --START--
INFO: Run Behavior\BuildLiteBehavior [ RunTime:0.000000s ]
INFO: [ app_init ] --END-- [ RunTime:0.000000s ]
ERR: 无法加载模块:Public

[ 2016-06-04T15:05:16+08:00 ] 127.0.0.1 /web/Public/static/Home3/img/article/bianji.png
INFO: [ app_init ] --START--
INFO: Run Behavior\BuildLiteBehavior [ RunTime:0.000000s ]
INFO: [ app_init ] --END-- [ RunTime:0.001000s ]
ERR: 无法加载模块:Public

[ 2016-06-04T15:05:18+08:00 ] 127.0.0.1 /web/Public/static/Home3/img/article/xiaoheiyuan.png
INFO: [ app_init ] --START--
INFO: Run Behavior\BuildLiteBehavior [ RunTime:0.000000s ]
INFO: [ app_init ] --END-- [ RunTime:0.000000s ]
ERR: 无法加载模块:Public

[ 2016-06-04T15:05:18+08:00 ] 127.0.0.1 /web/Public/static/Home3/img/article/honglaji.png
INFO: [ app_init ] --START--
INFO: Run Behavior\BuildLiteBehavior [ RunTime:0.000000s ]
INFO: [ app_init ] --END-- [ RunTime:0.000000s ]
ERR: 无法加载模块:Public

[ 2016-06-04T15:05:19+08:00 ] 127.0.0.1 /web/Public/static/Home3/img/article/bianji.png
INFO: [ app_init ] --START--
INFO: Run Behavior\BuildLiteBehavior [ RunTime:0.000000s ]
INFO: [ app_init ] --END-- [ RunTime:0.000000s ]
ERR: 无法加载模块:Public

[ 2016-06-04T15:05:19+08:00 ] 127.0.0.1 /web/Public/static/Home3/img/article/xiaolvyuan.png
INFO: [ app_init ] --START--
INFO: Run Behavior\BuildLiteBehavior [ RunTime:0.000000s ]
INFO: [ app_init ] --END-- [ RunTime:0.000000s ]
ERR: 无法加载模块:Public

[ 2016-06-04T15:05:22+08:00 ] 127.0.0.1 /web/Public/static/Home3/img/article/xiaoheiyuan.png
INFO: [ app_init ] --START--
INFO: Run Behavior\BuildLiteBehavior [ RunTime:0.000000s ]
INFO: [ app_init ] --END-- [ RunTime:0.001000s ]
ERR: 无法加载模块:Public

[ 2016-06-04T15:05:22+08:00 ] 127.0.0.1 /web/Public/static/Home3/img/article/honglaji.png
INFO: [ app_init ] --START--
INFO: Run Behavior\BuildLiteBehavior [ RunTime:0.000000s ]
INFO: [ app_init ] --END-- [ RunTime:0.000000s ]
ERR: 无法加载模块:Public

[ 2016-06-04T15:05:23+08:00 ] 127.0.0.1 /web/Public/static/Home3/img/article/bianji.png
INFO: [ app_init ] --START--
INFO: Run Behavior\BuildLiteBehavior [ RunTime:0.000000s ]
INFO: [ app_init ] --END-- [ RunTime:0.000000s ]
ERR: 无法加载模块:Public

[ 2016-06-04T15:06:54+08:00 ] 127.0.0.1 /web/Public/static/Home3/img/article/xiaolvyuan.png
INFO: [ app_init ] --START--
INFO: Run Behavior\BuildLiteBehavior [ RunTime:0.000000s ]
INFO: [ app_init ] --END-- [ RunTime:0.000000s ]
ERR: 无法加载模块:Public

[ 2016-06-04T15:06:56+08:00 ] 127.0.0.1 /web/Public/static/Home3/img/article/xiaoheiyuan.png
INFO: [ app_init ] --START--
INFO: Run Behavior\BuildLiteBehavior [ RunTime:0.000000s ]
INFO: [ app_init ] --END-- [ RunTime:0.000000s ]
ERR: 无法加载模块:Public

[ 2016-06-04T15:06:56+08:00 ] 127.0.0.1 /web/Public/static/Home3/img/article/honglaji.png
INFO: [ app_init ] --START--
INFO: Run Behavior\BuildLiteBehavior [ RunTime:0.000000s ]
INFO: [ app_init ] --END-- [ RunTime:0.000000s ]
ERR: 无法加载模块:Public

[ 2016-06-04T15:06:57+08:00 ] 127.0.0.1 /web/Public/static/Home3/img/article/bianji.png
INFO: [ app_init ] --START--
INFO: Run Behavior\BuildLiteBehavior [ RunTime:0.000000s ]
INFO: [ app_init ] --END-- [ RunTime:0.001000s ]
ERR: 无法加载模块:Public

[ 2016-06-04T15:07:19+08:00 ] 127.0.0.1 /web/Public/static/Home3/img/article/xiaolvyuan.png
INFO: [ app_init ] --START--
INFO: Run Behavior\BuildLiteBehavior [ RunTime:0.000000s ]
INFO: [ app_init ] --END-- [ RunTime:0.001000s ]
ERR: 无法加载模块:Public

[ 2016-06-04T15:08:12+08:00 ] 127.0.0.1 /web/Public/static/Home3/img/article/xiaoheiyuan.png
INFO: [ app_init ] --START--
INFO: Run Behavior\BuildLiteBehavior [ RunTime:0.000000s ]
INFO: [ app_init ] --END-- [ RunTime:0.000000s ]
ERR: 无法加载模块:Public

[ 2016-06-04T15:08:12+08:00 ] 127.0.0.1 /web/Public/static/Home3/img/article/honglaji.png
INFO: [ app_init ] --START--
INFO: Run Behavior\BuildLiteBehavior [ RunTime:0.000000s ]
INFO: [ app_init ] --END-- [ RunTime:0.001000s ]
ERR: 无法加载模块:Public

[ 2016-06-04T15:08:14+08:00 ] 127.0.0.1 /web/Public/static/Home3/img/article/bianji.png
INFO: [ app_init ] --START--
INFO: Run Behavior\BuildLiteBehavior [ RunTime:0.000000s ]
INFO: [ app_init ] --END-- [ RunTime:0.001000s ]
ERR: 无法加载模块:Public

[ 2016-06-04T15:09:15+08:00 ] 127.0.0.1 /web/Public/static/Home3/img/article/xiaolvyuan.png
INFO: [ app_init ] --START--
INFO: Run Behavior\BuildLiteBehavior [ RunTime:0.000000s ]
INFO: [ app_init ] --END-- [ RunTime:0.001000s ]
ERR: 无法加载模块:Public

[ 2016-06-04T15:10:03+08:00 ] 127.0.0.1 /web/Public/static/Home3/img/article/xiaoheiyuan.png
INFO: [ app_init ] --START--
INFO: Run Behavior\BuildLiteBehavior [ RunTime:0.000000s ]
INFO: [ app_init ] --END-- [ RunTime:0.000000s ]
ERR: 无法加载模块:Public

[ 2016-06-04T15:10:03+08:00 ] 127.0.0.1 /web/Public/static/Home3/img/article/honglaji.png
INFO: [ app_init ] --START--
INFO: Run Behavior\BuildLiteBehavior [ RunTime:0.000000s ]
INFO: [ app_init ] --END-- [ RunTime:0.001000s ]
ERR: 无法加载模块:Public

[ 2016-06-04T15:10:04+08:00 ] 127.0.0.1 /web/Public/static/Home3/img/article/bianji.png
INFO: [ app_init ] --START--
INFO: Run Behavior\BuildLiteBehavior [ RunTime:0.001000s ]
INFO: [ app_init ] --END-- [ RunTime:0.001000s ]
ERR: 无法加载模块:Public

[ 2016-06-04T15:10:05+08:00 ] 127.0.0.1 /web/Public/static/Home3/img/article/xiaoheiyuan.png
INFO: [ app_init ] --START--
INFO: Run Behavior\BuildLiteBehavior [ RunTime:0.000000s ]
INFO: [ app_init ] --END-- [ RunTime:0.000000s ]
ERR: 无法加载模块:Public

[ 2016-06-04T15:10:05+08:00 ] 127.0.0.1 /web/Public/static/Home3/img/article/honglaji.png
INFO: [ app_init ] --START--
INFO: Run Behavior\BuildLiteBehavior [ RunTime:0.000000s ]
INFO: [ app_init ] --END-- [ RunTime:0.000000s ]
ERR: 无法加载模块:Public

[ 2016-06-04T15:10:06+08:00 ] 127.0.0.1 /web/Public/static/Home3/img/article/bianji.png
INFO: [ app_init ] --START--
INFO: Run Behavior\BuildLiteBehavior [ RunTime:0.000000s ]
INFO: [ app_init ] --END-- [ RunTime:0.001000s ]
ERR: 无法加载模块:Public

[ 2016-06-04T15:10:53+08:00 ] 127.0.0.1 /web/Public/static/Home3/css/artical.css
INFO: [ app_init ] --START--
INFO: Run Behavior\BuildLiteBehavior [ RunTime:0.000000s ]
INFO: [ app_init ] --END-- [ RunTime:0.000000s ]
ERR: 无法加载模块:Public

[ 2016-06-04T15:10:53+08:00 ] 127.0.0.1 /web/Public/static/Home3/img/article/xiaoheiyuan.png
INFO: [ app_init ] --START--
INFO: Run Behavior\BuildLiteBehavior [ RunTime:0.000000s ]
INFO: [ app_init ] --END-- [ RunTime:0.000000s ]
ERR: 无法加载模块:Public

[ 2016-06-04T15:10:54+08:00 ] 127.0.0.1 /web/Public/static/Home3/img/article/honglaji.png
INFO: [ app_init ] --START--
INFO: Run Behavior\BuildLiteBehavior [ RunTime:0.000000s ]
INFO: [ app_init ] --END-- [ RunTime:0.001000s ]
ERR: 无法加载模块:Public

[ 2016-06-04T15:10:54+08:00 ] 127.0.0.1 /web/Public/static/Home3/img/article/bianji.png
INFO: [ app_init ] --START--
INFO: Run Behavior\BuildLiteBehavior [ RunTime:0.000000s ]
INFO: [ app_init ] --END-- [ RunTime:0.000000s ]
ERR: 无法加载模块:Public

[ 2016-06-04T15:11:30+08:00 ] 127.0.0.1 /web/Public/static/Home3/img/article/xiaoheiyuan.png
INFO: [ app_init ] --START--
INFO: Run Behavior\BuildLiteBehavior [ RunTime:0.000000s ]
INFO: [ app_init ] --END-- [ RunTime:0.001000s ]
ERR: 无法加载模块:Public

[ 2016-06-04T15:11:30+08:00 ] 127.0.0.1 /web/Public/static/Home3/img/article/honglaji.png
INFO: [ app_init ] --START--
INFO: Run Behavior\BuildLiteBehavior [ RunTime:0.000000s ]
INFO: [ app_init ] --END-- [ RunTime:0.001000s ]
ERR: 无法加载模块:Public

[ 2016-06-04T15:11:31+08:00 ] 127.0.0.1 /web/Public/static/Home3/img/article/bianji.png
INFO: [ app_init ] --START--
INFO: Run Behavior\BuildLiteBehavior [ RunTime:0.000000s ]
INFO: [ app_init ] --END-- [ RunTime:0.001000s ]
ERR: 无法加载模块:Public

[ 2016-06-04T15:12:23+08:00 ] 127.0.0.1 /web/Public/static/Home3/img/article/xiaoheiyuan.png
INFO: [ app_init ] --START--
INFO: Run Behavior\BuildLiteBehavior [ RunTime:0.000000s ]
INFO: [ app_init ] --END-- [ RunTime:0.000000s ]
ERR: 无法加载模块:Public

[ 2016-06-04T15:12:23+08:00 ] 127.0.0.1 /web/Public/static/Home3/img/article/honglaji.png
INFO: [ app_init ] --START--
INFO: Run Behavior\BuildLiteBehavior [ RunTime:0.000000s ]
INFO: [ app_init ] --END-- [ RunTime:0.001000s ]
ERR: 无法加载模块:Public

[ 2016-06-04T15:12:24+08:00 ] 127.0.0.1 /web/Public/static/Home3/img/article/bianji.png
INFO: [ app_init ] --START--
INFO: Run Behavior\BuildLiteBehavior [ RunTime:0.000000s ]
INFO: [ app_init ] --END-- [ RunTime:0.001000s ]
ERR: 无法加载模块:Public

[ 2016-06-04T15:12:33+08:00 ] 127.0.0.1 /web/Public/static/Home3/img/article/xiaoheiyuan.png
INFO: [ app_init ] --START--
INFO: Run Behavior\BuildLiteBehavior [ RunTime:0.000000s ]
INFO: [ app_init ] --END-- [ RunTime:0.000000s ]
ERR: 无法加载模块:Public

[ 2016-06-04T15:12:33+08:00 ] 127.0.0.1 /web/Public/static/Home3/img/article/honglaji.png
INFO: [ app_init ] --START--
INFO: Run Behavior\BuildLiteBehavior [ RunTime:0.000000s ]
INFO: [ app_init ] --END-- [ RunTime:0.000000s ]
ERR: 无法加载模块:Public

[ 2016-06-04T15:12:34+08:00 ] 127.0.0.1 /web/Public/static/Home3/img/article/bianji.png
INFO: [ app_init ] --START--
INFO: Run Behavior\BuildLiteBehavior [ RunTime:0.000000s ]
INFO: [ app_init ] --END-- [ RunTime:0.000000s ]
ERR: 无法加载模块:Public

[ 2016-06-04T15:13:19+08:00 ] 127.0.0.1 /web/Public/static/Home3/img/article/xiaoheiyuan.png
INFO: [ app_init ] --START--
INFO: Run Behavior\BuildLiteBehavior [ RunTime:0.000000s ]
INFO: [ app_init ] --END-- [ RunTime:0.001000s ]
ERR: 无法加载模块:Public

[ 2016-06-04T15:13:19+08:00 ] 127.0.0.1 /web/Public/static/Home3/img/article/honglaji.png
INFO: [ app_init ] --START--
INFO: Run Behavior\BuildLiteBehavior [ RunTime:0.000000s ]
INFO: [ app_init ] --END-- [ RunTime:0.000000s ]
ERR: 无法加载模块:Public

[ 2016-06-04T15:13:20+08:00 ] 127.0.0.1 /web/Public/static/Home3/img/article/bianji.png
INFO: [ app_init ] --START--
INFO: Run Behavior\BuildLiteBehavior [ RunTime:0.000000s ]
INFO: [ app_init ] --END-- [ RunTime:0.001000s ]
ERR: 无法加载模块:Public

[ 2016-06-04T15:14:00+08:00 ] 127.0.0.1 /web/Public/static/Home3/img/article/xiaoheiyuan.png
INFO: [ app_init ] --START--
INFO: Run Behavior\BuildLiteBehavior [ RunTime:0.000000s ]
INFO: [ app_init ] --END-- [ RunTime:0.000000s ]
ERR: 无法加载模块:Public

[ 2016-06-04T15:14:00+08:00 ] 127.0.0.1 /web/Public/static/Home3/img/article/honglaji.png
INFO: [ app_init ] --START--
INFO: Run Behavior\BuildLiteBehavior [ RunTime:0.000000s ]
INFO: [ app_init ] --END-- [ RunTime:0.000000s ]
ERR: 无法加载模块:Public

[ 2016-06-04T15:14:01+08:00 ] 127.0.0.1 /web/Public/static/Home3/img/article/bianji.png
INFO: [ app_init ] --START--
INFO: Run Behavior\BuildLiteBehavior [ RunTime:0.000000s ]
INFO: [ app_init ] --END-- [ RunTime:0.000000s ]
ERR: 无法加载模块:Public

[ 2016-06-04T15:15:05+08:00 ] 127.0.0.1 /web/Public/static/Home3/img/article/xiaoheiyuan.png
INFO: [ app_init ] --START--
INFO: Run Behavior\BuildLiteBehavior [ RunTime:0.000000s ]
INFO: [ app_init ] --END-- [ RunTime:0.000000s ]
ERR: 无法加载模块:Public

[ 2016-06-04T15:15:05+08:00 ] 127.0.0.1 /web/Public/static/Home3/img/article/honglaji.png
INFO: [ app_init ] --START--
INFO: Run Behavior\BuildLiteBehavior [ RunTime:0.000000s ]
INFO: [ app_init ] --END-- [ RunTime:0.000000s ]
ERR: 无法加载模块:Public

[ 2016-06-04T15:15:06+08:00 ] 127.0.0.1 /web/Public/static/Home3/img/article/bianji.png
INFO: [ app_init ] --START--
INFO: Run Behavior\BuildLiteBehavior [ RunTime:0.000000s ]
INFO: [ app_init ] --END-- [ RunTime:0.001000s ]
ERR: 无法加载模块:Public

[ 2016-06-04T15:16:03+08:00 ] 127.0.0.1 /web/Public/static/Home3/css/artical.css
INFO: [ app_init ] --START--
INFO: Run Behavior\BuildLiteBehavior [ RunTime:0.000000s ]
INFO: [ app_init ] --END-- [ RunTime:0.000000s ]
ERR: 无法加载模块:Public

[ 2016-06-04T15:16:04+08:00 ] 127.0.0.1 /web/Public/static/Home3/img/article/xiaoheiyuan.png
INFO: [ app_init ] --START--
INFO: Run Behavior\BuildLiteBehavior [ RunTime:0.000000s ]
INFO: [ app_init ] --END-- [ RunTime:0.000000s ]
ERR: 无法加载模块:Public

[ 2016-06-04T15:16:04+08:00 ] 127.0.0.1 /web/Public/static/Home3/img/article/honglaji.png
INFO: [ app_init ] --START--
INFO: Run Behavior\BuildLiteBehavior [ RunTime:0.000000s ]
INFO: [ app_init ] --END-- [ RunTime:0.000000s ]
ERR: 无法加载模块:Public

[ 2016-06-04T15:16:05+08:00 ] 127.0.0.1 /web/Public/static/Home3/img/article/bianji.png
INFO: [ app_init ] --START--
INFO: Run Behavior\BuildLiteBehavior [ RunTime:0.000000s ]
INFO: [ app_init ] --END-- [ RunTime:0.001000s ]
ERR: 无法加载模块:Public

[ 2016-06-04T15:18:52+08:00 ] 127.0.0.1 /web/Public/static/Home3/img/article/xiaolvyuan.png
INFO: [ app_init ] --START--
INFO: Run Behavior\BuildLiteBehavior [ RunTime:0.000000s ]
INFO: [ app_init ] --END-- [ RunTime:0.001000s ]
ERR: 无法加载模块:Public

[ 2016-06-04T15:18:57+08:00 ] 127.0.0.1 /web/Public/upload/Home//20160527/thumb_5747eef9ef7ff.png
INFO: [ app_init ] --START--
INFO: Run Behavior\BuildLiteBehavior [ RunTime:0.000000s ]
INFO: [ app_init ] --END-- [ RunTime:0.001000s ]
ERR: 无法加载模块:Public

[ 2016-06-04T15:18:58+08:00 ] 127.0.0.1 /web/Public/upload/Home//20160527/thumb_5747b59132dff.png
INFO: [ app_init ] --START--
INFO: Run Behavior\BuildLiteBehavior [ RunTime:0.000000s ]
INFO: [ app_init ] --END-- [ RunTime:0.001000s ]
ERR: 无法加载模块:Public

[ 2016-06-04T15:26:34+08:00 ] 127.0.0.1 /web/Public/upload/Home//20160527/thumb_5747b59132dff.png
INFO: [ app_init ] --START--
INFO: Run Behavior\BuildLiteBehavior [ RunTime:0.000000s ]
INFO: [ app_init ] --END-- [ RunTime:0.001000s ]
ERR: 无法加载模块:Public

[ 2016-06-04T15:26:34+08:00 ] 127.0.0.1 /web/Public/upload/Home//20160527/thumb_5747eef9ef7ff.png
INFO: [ app_init ] --START--
INFO: Run Behavior\BuildLiteBehavior [ RunTime:0.000000s ]
INFO: [ app_init ] --END-- [ RunTime:0.001000s ]
ERR: 无法加载模块:Public

[ 2016-06-04T15:29:57+08:00 ] 127.0.0.1 /web/Public/upload/Home//20160527/thumb_5747eef9ef7ff.png
INFO: [ app_init ] --START--
INFO: Run Behavior\BuildLiteBehavior [ RunTime:0.000000s ]
INFO: [ app_init ] --END-- [ RunTime:0.001000s ]
ERR: 无法加载模块:Public

[ 2016-06-04T15:29:57+08:00 ] 127.0.0.1 /web/Public/upload/Home//20160527/thumb_5747b59132dff.png
INFO: [ app_init ] --START--
INFO: Run Behavior\BuildLiteBehavior [ RunTime:0.000000s ]
INFO: [ app_init ] --END-- [ RunTime:0.001000s ]
ERR: 无法加载模块:Public

[ 2016-06-04T15:30:00+08:00 ] 127.0.0.1 /web/Public/upload/Home//20160527/thumb_5747eef9ef7ff.png
INFO: [ app_init ] --START--
INFO: Run Behavior\BuildLiteBehavior [ RunTime:0.000000s ]
INFO: [ app_init ] --END-- [ RunTime:0.000000s ]
ERR: 无法加载模块:Public

[ 2016-06-04T15:30:00+08:00 ] 127.0.0.1 /web/Public/upload/Home//20160527/thumb_5747eefa00bb0.png
INFO: [ app_init ] --START--
INFO: Run Behavior\BuildLiteBehavior [ RunTime:0.000000s ]
INFO: [ app_init ] --END-- [ RunTime:0.001000s ]
ERR: 无法加载模块:Public

[ 2016-06-04T15:30:01+08:00 ] 127.0.0.1 /web/Public/upload/Home//20160527/thumb_5747eefa49bb9.png
INFO: [ app_init ] --START--
INFO: Run Behavior\BuildLiteBehavior [ RunTime:0.000000s ]
INFO: [ app_init ] --END-- [ RunTime:0.000000s ]
ERR: 无法加载模块:Public

[ 2016-06-04T15:30:01+08:00 ] 127.0.0.1 /web/Public/upload/Home//20160527/thumb_5747eefa923f2.png
INFO: [ app_init ] --START--
INFO: Run Behavior\BuildLiteBehavior [ RunTime:0.001000s ]
INFO: [ app_init ] --END-- [ RunTime:0.001000s ]
ERR: 无法加载模块:Public

[ 2016-06-04T15:30:04+08:00 ] 127.0.0.1 /web/Public/upload/Home//20160527/thumb_5747b59132dff.png
INFO: [ app_init ] --START--
INFO: Run Behavior\BuildLiteBehavior [ RunTime:0.000000s ]
INFO: [ app_init ] --END-- [ RunTime:0.001000s ]
ERR: 无法加载模块:Public

[ 2016-06-04T15:30:04+08:00 ] 127.0.0.1 /web/Public/upload/Home//20160527/thumb_5747eef9ef7ff.png
INFO: [ app_init ] --START--
INFO: Run Behavior\BuildLiteBehavior [ RunTime:0.000000s ]
INFO: [ app_init ] --END-- [ RunTime:0.000000s ]
ERR: 无法加载模块:Public

[ 2016-06-04T15:30:19+08:00 ] 127.0.0.1 /web/Public/upload/Home//20160527/thumb_5747b59132dff.png
INFO: [ app_init ] --START--
INFO: Run Behavior\BuildLiteBehavior [ RunTime:0.000000s ]
INFO: [ app_init ] --END-- [ RunTime:0.000000s ]
ERR: 无法加载模块:Public

[ 2016-06-04T15:30:19+08:00 ] 127.0.0.1 /web/Public/upload/Home//20160527/thumb_5747eef9ef7ff.png
INFO: [ app_init ] --START--
INFO: Run Behavior\BuildLiteBehavior [ RunTime:0.000000s ]
INFO: [ app_init ] --END-- [ RunTime:0.000000s ]
ERR: 无法加载模块:Public

[ 2016-06-04T15:31:29+08:00 ] 127.0.0.1 /web/Public/upload/Home//20160527/thumb_5747eef9ef7ff.png
INFO: [ app_init ] --START--
INFO: Run Behavior\BuildLiteBehavior [ RunTime:0.000000s ]
INFO: [ app_init ] --END-- [ RunTime:0.000000s ]
ERR: 无法加载模块:Public

[ 2016-06-04T15:31:29+08:00 ] 127.0.0.1 /web/Public/upload/Home//20160527/thumb_5747b59132dff.png
INFO: [ app_init ] --START--
INFO: Run Behavior\BuildLiteBehavior [ RunTime:0.000000s ]
INFO: [ app_init ] --END-- [ RunTime:0.000000s ]
ERR: 无法加载模块:Public

[ 2016-06-04T15:31:57+08:00 ] 127.0.0.1 /web/Public/upload/Home//20160527/thumb_5747b59132dff.png
INFO: [ app_init ] --START--
INFO: Run Behavior\BuildLiteBehavior [ RunTime:0.000000s ]
INFO: [ app_init ] --END-- [ RunTime:0.000000s ]
ERR: 无法加载模块:Public

[ 2016-06-04T15:31:57+08:00 ] 127.0.0.1 /web/Public/upload/Home//20160527/thumb_5747eef9ef7ff.png
INFO: [ app_init ] --START--
INFO: Run Behavior\BuildLiteBehavior [ RunTime:0.000000s ]
INFO: [ app_init ] --END-- [ RunTime:0.001000s ]
ERR: 无法加载模块:Public

[ 2016-06-04T15:32:05+08:00 ] 127.0.0.1 /web/Public/upload/Home//20160527/thumb_5747b59132dff.png
INFO: [ app_init ] --START--
INFO: Run Behavior\BuildLiteBehavior [ RunTime:0.000000s ]
INFO: [ app_init ] --END-- [ RunTime:0.000000s ]
ERR: 无法加载模块:Public

[ 2016-06-04T15:32:05+08:00 ] 127.0.0.1 /web/Public/upload/Home//20160527/thumb_5747ea3311584.png
INFO: [ app_init ] --START--
INFO: Run Behavior\BuildLiteBehavior [ RunTime:0.000000s ]
INFO: [ app_init ] --END-- [ RunTime:0.000000s ]
ERR: 无法加载模块:Public

[ 2016-06-04T15:32:06+08:00 ] 127.0.0.1 /web/Public/upload/Home//20160526/thumb_5746bed5e9d93.png
INFO: [ app_init ] --START--
INFO: Run Behavior\BuildLiteBehavior [ RunTime:0.000000s ]
INFO: [ app_init ] --END-- [ RunTime:0.001000s ]
ERR: 无法加载模块:Public

[ 2016-06-04T15:32:06+08:00 ] 127.0.0.1 /web/Public/upload/Home//20160527/thumb_5747e9f145679.png
INFO: [ app_init ] --START--
INFO: Run Behavior\BuildLiteBehavior [ RunTime:0.000000s ]
INFO: [ app_init ] --END-- [ RunTime:0.001000s ]
ERR: 无法加载模块:Public

[ 2016-06-04T15:32:08+08:00 ] 127.0.0.1 /web/Public/upload/Home//20160527/thumb_5747eef9ef7ff.png
INFO: [ app_init ] --START--
INFO: Run Behavior\BuildLiteBehavior [ RunTime:0.000000s ]
INFO: [ app_init ] --END-- [ RunTime:0.001000s ]
ERR: 无法加载模块:Public

[ 2016-06-04T15:32:08+08:00 ] 127.0.0.1 /web/Public/upload/Home//20160527/thumb_5747b59132dff.png
INFO: [ app_init ] --START--
INFO: Run Behavior\BuildLiteBehavior [ RunTime:0.000000s ]
INFO: [ app_init ] --END-- [ RunTime:0.001000s ]
ERR: 无法加载模块:Public

[ 2016-06-04T15:34:43+08:00 ] 127.0.0.1 /web/Public/upload/Home//20160527/thumb_5747eef9ef7ff.png
INFO: [ app_init ] --START--
INFO: Run Behavior\BuildLiteBehavior [ RunTime:0.000000s ]
INFO: [ app_init ] --END-- [ RunTime:0.000000s ]
ERR: 无法加载模块:Public

[ 2016-06-04T15:34:44+08:00 ] 127.0.0.1 /web/Public/upload/Home//20160527/thumb_5747b59132dff.png
INFO: [ app_init ] --START--
INFO: Run Behavior\BuildLiteBehavior [ RunTime:0.000000s ]
INFO: [ app_init ] --END-- [ RunTime:0.001000s ]
ERR: 无法加载模块:Public

